<?xml version="1.0" encoding="UTF-8"?>
<!-- Generated by org.testng.reporters.JUnitReportReporter -->
<testsuite hostname="Clarence的战神" name="com.seleniumtest.Test01.SeleniumTest01" tests="5" failures="0" timestamp="18 Aug 2019 04:51:29 GMT" time="0.022" errors="0">
  <testcase name="test01" time="0.011" classname="com.seleniumtest.Test01.SeleniumTest01"/>
  <testcase name="test02" time="0.002" classname="com.seleniumtest.Test01.SeleniumTest01"/>
  <testcase name="test05" time="0.001" classname="com.seleniumtest.Test01.SeleniumTest01"/>
  <testcase name="test03" time="0.006" classname="com.seleniumtest.Test01.SeleniumTest01"/>
  <testcase name="test04" time="0.002" classname="com.seleniumtest.Test01.SeleniumTest01"/>
</testsuite> <!-- com.seleniumtest.Test01.SeleniumTest01 -->
